d:\project\imultiverso\x64\release\vc120.pdb
d:\project\imultiverso\x64\release\zoo.obj
d:\project\imultiverso\x64\release\worker.obj
d:\project\imultiverso\x64\release\static_table_impl.obj
d:\project\imultiverso\x64\release\server.obj
d:\project\imultiverso\x64\release\net.obj
d:\project\imultiverso\x64\release\message.obj
d:\project\imultiverso\x64\release\log.obj
d:\project\imultiverso\x64\release\controller.obj
d:\project\imultiverso\x64\release\communicator.obj
d:\project\imultiverso\x64\release\actor.obj
d:\project\imultiverso\x64\release\table.obj
d:\project\imultiverso\x64\release\array_table.obj
d:\project\imultiverso\x64\release\multiverso.obj
d:\project\imultiverso\x64\release\imultiverso.lib
d:\project\imultiverso\x64\release\imultiverso.tlog\cl.command.1.tlog
d:\project\imultiverso\x64\release\imultiverso.tlog\cl.read.1.tlog
d:\project\imultiverso\x64\release\imultiverso.tlog\cl.write.1.tlog
d:\project\imultiverso\x64\release\imultiverso.tlog\lib-link.read.1.tlog
d:\project\imultiverso\x64\release\imultiverso.tlog\lib-link.write.1.tlog
d:\project\imultiverso\x64\release\imultiverso.tlog\lib.command.1.tlog
